<?xml version="1.0" encoding="UTF-8"?>
<testng-results ignored="0" total="0" passed="0" failed="0" skipped="0">
  <reporter-output>
  </reporter-output>
  <suite started-at="2019-12-24T19:07:53 IST" name="AthenaSurvey" finished-at="2019-12-24T19:07:53 IST" duration-ms="9">
    <groups>
    </groups>
    <test started-at="2019-12-24T19:07:53 IST" name="LoginTest" finished-at="2019-12-24T19:07:53 IST" duration-ms="9">
      <class name="survey.base.TestBase">
        <test-method is-config="true" signature="setUp()[pri:0, instance:survey.base.TestBase@68c9d179]" started-at="2019-12-24T19:07:37 IST" name="setUp" finished-at="2019-12-24T19:07:53 IST" duration-ms="15904" status="PASS">
          <reporter-output>
          </reporter-output>
        </test-method> <!-- setUp -->
        <test-method is-config="true" signature="tearDown()[pri:0, instance:survey.base.TestBase@68c9d179]" started-at="2019-12-24T19:07:53 IST" name="tearDown" finished-at="2019-12-24T19:07:54 IST" duration-ms="650" status="PASS">
          <reporter-output>
          </reporter-output>
        </test-method> <!-- tearDown -->
      </class> <!-- survey.base.TestBase -->
    </test> <!-- LoginTest -->
  </suite> <!-- AthenaSurvey -->
</testng-results>
